# JRE version: OpenJDK Runtime Environment Temurin-11.0.19+7 (11.0.19+7) (build 11.0.19+7)
# Java VM: OpenJDK 64-Bit Server VM Temurin-11.0.19+7 (11.0.19+7, mixed mode, tiered, compressed oops, g1 gc, windows-amd64)
Heap:
 garbage-first heap   total 262144K, used 27573K [0x00000000e0000000, 0x0000000100000000)
  region size 1024K, 12 young (12288K), 6 survivors (6144K)
 Metaspace       used 37113K, capacity 38008K, committed 38192K, reserved 288768K
  class space    used 4817K, capacity 5180K, committed 5248K, reserved 253952K
GC Heap History (8 events):
Event: 0.776 GC heap before
{Heap before GC invocations=0 (full 0):
 garbage-first heap   total 262144K, used 26624K [0x00000000e0000000, 0x0000000100000000)
  region size 1024K, 24 young (24576K), 0 survivors (0K)
 Metaspace       used 10131K, capacity 10388K, committed 10624K, reserved 264192K
  class space    used 1034K, capacity 1105K, committed 1152K, reserved 253952K
}
Event: 0.780 GC heap after
{Heap after GC invocations=1 (full 0):
 garbage-first heap   total 262144K, used 9406K [0x00000000e0000000, 0x0000000100000000)
  region size 1024K, 3 young (3072K), 3 survivors (3072K)
 Metaspace       used 10131K, capacity 10388K, committed 10624K, reserved 264192K
  class space    used 1034K, capacity 1105K, committed 1152K, reserved 253952K
}
Event: 2.926 GC heap before
{Heap before GC invocations=1 (full 0):
 garbage-first heap   total 262144K, used 109758K [0x00000000e0000000, 0x0000000100000000)
  region size 1024K, 102 young (104448K), 3 survivors (3072K)
 Metaspace       used 20801K, capacity 21239K, committed 21296K, reserved 274432K
  class space    used 2521K, capacity 2682K, committed 2688K, reserved 253952K
}
Event: 2.936 GC heap after
{Heap after GC invocations=2 (full 0):
 garbage-first heap   total 262144K, used 17389K [0x00000000e0000000, 0x0000000100000000)
  region size 1024K, 11 young (11264K), 11 survivors (11264K)
 Metaspace       used 20801K, capacity 21239K, committed 21296K, reserved 274432K
  class space    used 2521K, capacity 2682K, committed 2688K, reserved 253952K
}
Event: 3.692 GC heap before
{Heap before GC invocations=3 (full 0):
 garbage-first heap   total 262144K, used 87021K [0x00000000e0000000, 0x0000000100000000)
  region size 1024K, 79 young (80896K), 11 survivors (11264K)
 Metaspace       used 27598K, capacity 28241K, committed 28336K, reserved 278528K
  class space    used 3598K, capacity 3812K, committed 3840K, reserved 253952K
}
Event: 3.701 GC heap after
{Heap after GC invocations=4 (full 0):
 garbage-first heap   total 262144K, used 19540K [0x00000000e0000000, 0x0000000100000000)
  region size 1024K, 3 young (3072K), 3 survivors (3072K)
 Metaspace       used 27598K, capacity 28241K, committed 28336K, reserved 278528K
  class space    used 3598K, capacity 3812K, committed 3840K, reserved 253952K
}
Event: 4.446 GC heap before
{Heap before GC invocations=4 (full 0):
 garbage-first heap   total 262144K, used 73812K [0x00000000e0000000, 0x0000000100000000)
  region size 1024K, 57 young (58368K), 3 survivors (3072K)
 Metaspace       used 35030K, capacity 35853K, committed 35920K, reserved 286720K
  class space    used 4561K, capacity 4864K, committed 4864K, reserved 253952K
}
Event: 4.456 GC heap after
{Heap after GC invocations=5 (full 0):
 garbage-first heap   total 262144K, used 22453K [0x00000000e0000000, 0x0000000100000000)
  region size 1024K, 6 young (6144K), 6 survivors (6144K)
 Metaspace       used 35030K, capacity 35853K, committed 35920K, reserved 286720K
  class space    used 4561K, capacity 4864K, committed 4864K, reserved 253952K
}

